<?xml version="1.0" encoding="UTF-8"?>
<testsuite name="Testt" tests="2" skipped="0" failures="0" errors="0" timestamp="2025-03-04T09:12:01" hostname="LAPTOP-4L1FPFFE" time="0.033">
  <properties/>
  <testcase name="testProcessLines_RemovesDuplicatesAndSorts()" classname="Testt" time="0.028"/>
  <testcase name="testProcessLines_EmptyList()" classname="Testt" time="0.002"/>
  <system-out><![CDATA[]]></system-out>
  <system-err><![CDATA[]]></system-err>
</testsuite>
